VM Page Fault Stress Test

DATASIZE: 8
gcc -DPAGESIZE=4096 -DDATASIZE=8 -Wall -g -c bheap.c bheap.h
gcc -DPAGESIZE=4096 -DDATASIZE=8 -Wall -g -c testbh.c bheap.h
gcc -DPAGESIZE=4096 -DDATASIZE=8 -Wall -g -c getmem.c
gcc -DPAGESIZE=4096 -DDATASIZE=8 -Wall -g -o testbh bheap.o testbh.o getmem.o
gcc -DPAGESIZE=4096 -DDATASIZE=8 -Wall -g -c heap.c heap.h
gcc -DPAGESIZE=4096 -DDATASIZE=8 -Wall -g -c testheap.c heap.h
gcc -DPAGESIZE=4096 -DDATASIZE=8 -Wall -g -o testheap heap.o testheap.o getmem.o

DATASIZE: 8, 10000 ops, run 1:
testheap:
183 0 0 0 1867776 60
209 0 0 0 1875968 125

testbh:
203 0 0 0 1785856 124
210 0 1 0 1794048 124
----------------------------------------------------------------

DATASIZE: 8, 10000 ops, run 2:
testheap:
182 0 0 0 1867776 60
208 0 0 0 1875968 125

testbh:
204 0 0 0 1785856 124
211 0 1 0 1794048 124
----------------------------------------------------------------

DATASIZE: 8, 10000 ops, run 3:
testheap:
183 0 0 0 1867776 59
209 0 0 0 1875968 124

testbh:
204 0 0 0 1785856 124
211 0 2 0 1794048 124
----------------------------------------------------------------

DATASIZE: 8, 50000 ops, run 1:
testheap:
182 0 0 0 2191360 59
287 0 5 0 2199552 190

testbh:
282 1 0 0 2179072 187
289 1 11 0 2187264 187
----------------------------------------------------------------

DATASIZE: 8, 50000 ops, run 2:
testheap:
181 0 0 0 2191360 59
286 0 5 0 2199552 190

testbh:
282 0 0 0 2179072 155
289 0 11 0 2187264 155
----------------------------------------------------------------

DATASIZE: 8, 50000 ops, run 3:
testheap:
183 0 0 0 2191360 60
288 0 5 0 2199552 191

testbh:
282 0 0 0 2179072 187
289 0 11 0 2187264 187
----------------------------------------------------------------

DATASIZE: 8, 100000 ops, run 1:
testheap:
182 0 0 0 2592768 59
385 0 11 0 2600960 256

testbh:
381 0 0 0 2572288 284
388 0 23 0 2580480 284
----------------------------------------------------------------

DATASIZE: 8, 100000 ops, run 2:
testheap:
182 0 0 0 2592768 59
385 0 11 0 2600960 256

testbh:
380 0 0 0 2572288 284
387 0 24 0 2580480 284
----------------------------------------------------------------

DATASIZE: 8, 100000 ops, run 3:
testheap:
181 0 0 0 2592768 59
384 0 11 1 2600960 256

testbh:
380 0 0 0 2572288 283
387 0 23 0 2580480 283
----------------------------------------------------------------

DATASIZE: 8, 500000 ops, run 1:
testheap:
181 0 0 0 5791744 59
1165 0 66 4 5799936 1048

testbh:
1161 0 0 1 5718016 1051
1168 0 154 1 5726208 1051
----------------------------------------------------------------

DATASIZE: 8, 500000 ops, run 2:
testheap:
182 0 0 0 5791744 59
1166 0 65 3 5799936 1048

testbh:
1161 0 0 0 5718016 1051
1168 0 154 1 5726208 1051
----------------------------------------------------------------

DATASIZE: 8, 500000 ops, run 3:
testheap:
182 0 0 0 5791744 60
1166 0 65 3 5799936 1049

testbh:
1161 0 0 0 5718016 1051
1168 0 154 1 5726208 1051
----------------------------------------------------------------

DATASIZE: 16
gcc -DPAGESIZE=4096 -DDATASIZE=16 -Wall -g -c bheap.c bheap.h
gcc -DPAGESIZE=4096 -DDATASIZE=16 -Wall -g -c testbh.c bheap.h
gcc -DPAGESIZE=4096 -DDATASIZE=16 -Wall -g -c getmem.c
gcc -DPAGESIZE=4096 -DDATASIZE=16 -Wall -g -o testbh bheap.o testbh.o getmem.o
gcc -DPAGESIZE=4096 -DDATASIZE=16 -Wall -g -c heap.c heap.h
gcc -DPAGESIZE=4096 -DDATASIZE=16 -Wall -g -c testheap.c heap.h
gcc -DPAGESIZE=4096 -DDATASIZE=16 -Wall -g -o testheap heap.o testheap.o getmem.o

DATASIZE: 16, 10000 ops, run 1:
testheap:
178 3 0 0 1953792 59
225 3 0 0 1961984 124

testbh:
224 0 0 0 1916928 123
231 0 1 0 1925120 123
----------------------------------------------------------------

DATASIZE: 16, 10000 ops, run 2:
testheap:
181 0 0 0 1953792 59
228 0 0 0 1961984 124

testbh:
223 0 0 0 1916928 123
230 0 1 0 1925120 123
----------------------------------------------------------------

DATASIZE: 16, 10000 ops, run 3:
testheap:
182 0 0 0 1953792 60
229 0 0 0 1961984 125

testbh:
224 0 0 0 1916928 123
231 0 1 0 1925120 123
----------------------------------------------------------------

DATASIZE: 16, 50000 ops, run 1:
testheap:
182 0 0 0 2592768 59
386 0 5 0 2600960 256

testbh:
379 0 0 0 2572288 283
386 0 13 0 2580480 283
----------------------------------------------------------------

DATASIZE: 16, 50000 ops, run 2:
testheap:
182 0 0 0 2592768 59
385 0 5 0 2600960 256

testbh:
380 0 0 0 2572288 284
387 0 12 0 2580480 284
----------------------------------------------------------------

DATASIZE: 16, 50000 ops, run 3:
testheap:
183 0 0 0 2592768 60
386 0 5 0 2600960 257

testbh:
380 0 0 0 2572288 283
387 0 12 0 2580480 283
----------------------------------------------------------------

DATASIZE: 16, 100000 ops, run 1:
testheap:
182 0 0 0 3391488 59
580 0 12 0 3399680 454

testbh:
576 0 0 0 3358720 476
583 0 32 0 3366912 476
----------------------------------------------------------------

DATASIZE: 16, 100000 ops, run 2:
testheap:
182 0 0 0 3391488 59
580 0 12 0 3399680 454

testbh:
576 0 0 0 3358720 476
583 0 28 0 3366912 476
----------------------------------------------------------------

DATASIZE: 16, 100000 ops, run 3:
testheap:
181 0 0 0 3391488 59
579 0 12 0 3399680 454

testbh:
574 0 0 0 3358720 475
581 0 27 0 3366912 475
----------------------------------------------------------------

DATASIZE: 16, 500000 ops, run 1:
testheap:
181 0 0 0 9793536 59
2142 0 76 4 9801728 2038

testbh:
2136 3 2 0 9785344 2045
2143 3 160 1 9793536 2045
----------------------------------------------------------------

DATASIZE: 16, 500000 ops, run 2:
testheap:
182 0 0 0 9793536 59
2143 0 74 4 9801728 2038

testbh:
2140 0 2 0 9785344 2045
2147 0 162 0 9793536 2045
----------------------------------------------------------------

DATASIZE: 16, 500000 ops, run 3:
testheap:
182 0 0 0 9793536 60
2143 0 75 4 9801728 2039

testbh:
2140 0 1 2 9785344 2045
2147 0 171 2 9793536 2045
----------------------------------------------------------------

DATASIZE: 32
gcc -DPAGESIZE=4096 -DDATASIZE=32 -Wall -g -c bheap.c bheap.h
gcc -DPAGESIZE=4096 -DDATASIZE=32 -Wall -g -c testbh.c bheap.h
gcc -DPAGESIZE=4096 -DDATASIZE=32 -Wall -g -c getmem.c
gcc -DPAGESIZE=4096 -DDATASIZE=32 -Wall -g -o testbh bheap.o testbh.o getmem.o
gcc -DPAGESIZE=4096 -DDATASIZE=32 -Wall -g -c heap.c heap.h
gcc -DPAGESIZE=4096 -DDATASIZE=32 -Wall -g -c testheap.c heap.h
gcc -DPAGESIZE=4096 -DDATASIZE=32 -Wall -g -o testheap heap.o testheap.o getmem.o

DATASIZE: 32, 10000 ops, run 1:
testheap:
179 2 0 0 2113536 59
265 2 1 0 2121728 190

testbh:
263 0 0 0 2048000 189
270 0 1 0 2056192 189
----------------------------------------------------------------

DATASIZE: 32, 10000 ops, run 2:
testheap:
181 0 0 0 2113536 59
267 0 0 0 2121728 190

testbh:
263 0 0 0 2048000 156
270 0 1 0 2056192 156
----------------------------------------------------------------

DATASIZE: 32, 10000 ops, run 3:
testheap:
181 0 0 0 2113536 59
267 0 0 0 2121728 190

testbh:
263 0 0 0 2048000 155
270 0 1 0 2056192 155
----------------------------------------------------------------

DATASIZE: 32, 50000 ops, run 1:
testheap:
181 0 0 0 3391488 59
579 0 6 0 3399680 454

testbh:
575 0 0 0 3358720 475
582 0 14 0 3366912 475
----------------------------------------------------------------

DATASIZE: 32, 50000 ops, run 2:
testheap:
183 0 0 0 3391488 60
581 0 5 0 3399680 455

testbh:
576 0 0 0 3358720 476
583 0 14 0 3366912 476
----------------------------------------------------------------

DATASIZE: 32, 50000 ops, run 3:
testheap:
182 0 0 0 3391488 59
580 0 6 0 3399680 454

testbh:
574 0 0 0 3358720 475
581 0 13 0 3366912 475
----------------------------------------------------------------

DATASIZE: 32, 100000 ops, run 1:
testheap:
183 0 0 0 4993024 60
972 0 13 1 5001216 851

testbh:
964 1 0 0 4931584 859
971 1 29 0 4939776 859
----------------------------------------------------------------

DATASIZE: 32, 100000 ops, run 2:
testheap:
182 0 0 0 4993024 59
971 0 12 2 5001216 850

testbh:
966 0 0 0 4931584 859
973 0 29 0 4939776 859
----------------------------------------------------------------

DATASIZE: 32, 100000 ops, run 3:
testheap:
182 0 0 0 4993024 59
971 0 12 1 5001216 850

testbh:
966 0 0 0 4931584 859
973 0 29 0 4939776 859
----------------------------------------------------------------

DATASIZE: 32, 500000 ops, run 1:
testheap:
183 0 0 0 17793024 60
4333 15 90 11 17801216 3902

testbh:
4083 12 4 4 17788928 3884
4185 27 167 6 17797120 3561
----------------------------------------------------------------

DATASIZE: 32, 500000 ops, run 2:
testheap:
175 11 0 0 17793024 59
4163 17 89 7 17801216 3961

testbh:
4085 14 4 4 17788928 3864
4319 52 179 6 17797120 3923
----------------------------------------------------------------

DATASIZE: 32, 500000 ops, run 3:
testheap:
179 8 0 0 17793024 59
5989 117 96 13 17801216 3934

testbh:
4084 15 6 2 17788928 3710
4417 60 171 4 17797120 3324
----------------------------------------------------------------

DATASIZE: 64
gcc -DPAGESIZE=4096 -DDATASIZE=64 -Wall -g -c bheap.c bheap.h
gcc -DPAGESIZE=4096 -DDATASIZE=64 -Wall -g -c testbh.c bheap.h
gcc -DPAGESIZE=4096 -DDATASIZE=64 -Wall -g -c getmem.c
gcc -DPAGESIZE=4096 -DDATASIZE=64 -Wall -g -o testbh bheap.o testbh.o getmem.o
gcc -DPAGESIZE=4096 -DDATASIZE=64 -Wall -g -c heap.c heap.h
gcc -DPAGESIZE=4096 -DDATASIZE=64 -Wall -g -c testheap.c heap.h
gcc -DPAGESIZE=4096 -DDATASIZE=64 -Wall -g -o testheap heap.o testheap.o getmem.o

DATASIZE: 64, 10000 ops, run 1:
testheap:
187 0 0 0 2433024 60
351 0 0 0 2441216 257

testbh:
346 0 0 0 2310144 220
353 0 2 0 2318336 220
----------------------------------------------------------------

DATASIZE: 64, 10000 ops, run 2:
testheap:
187 0 0 0 2433024 59
351 0 0 0 2441216 256

testbh:
345 0 0 0 2310144 219
352 0 2 0 2318336 219
----------------------------------------------------------------

DATASIZE: 64, 10000 ops, run 3:
testheap:
185 0 0 0 2433024 59
349 0 0 0 2441216 256

testbh:
344 0 0 0 2310144 219
351 0 1 0 2318336 219
----------------------------------------------------------------

DATASIZE: 64, 50000 ops, run 1:
testheap:
186 0 0 0 4993024 59
975 0 7 1 5001216 850

testbh:
970 0 0 1 4931584 859
977 0 13 1 4939776 859
----------------------------------------------------------------

DATASIZE: 64, 50000 ops, run 2:
testheap:
187 0 0 0 4993024 60
976 0 7 0 5001216 851

testbh:
970 0 0 0 4931584 859
977 0 13 0 4939776 859
----------------------------------------------------------------

DATASIZE: 64, 50000 ops, run 3:
testheap:
186 0 0 0 4993024 59
975 0 6 0 5001216 850

testbh:
971 0 0 0 4931584 860
978 0 14 0 4939776 860
----------------------------------------------------------------

DATASIZE: 64, 100000 ops, run 1:
testheap:
186 0 0 0 8192000 59
1756 0 15 3 8200192 1642

testbh:
1751 1 1 1 8081408 1628
1757 1 32 1 8089600 1628
----------------------------------------------------------------

DATASIZE: 64, 100000 ops, run 2:
testheap:
185 0 0 0 8192000 59
1755 0 16 1 8200192 1642

testbh:
1752 0 1 1 8081408 1628
1759 0 32 1 8089600 1628
----------------------------------------------------------------

DATASIZE: 64, 100000 ops, run 3:
testheap:
186 0 0 0 8192000 59
1756 0 15 2 8200192 1642

testbh:
1752 0 0 2 8081408 1628
1759 0 32 2 8089600 1628
----------------------------------------------------------------

DATASIZE: 64, 500000 ops, run 1:
testheap:
187 0 0 0 33792000 59
1163892 643863 3992 19592 33800192 3506

testbh:
8008 24 10 9 33796096 4057
399011 247892 1303 6318 33804288 3855
----------------------------------------------------------------

DATASIZE: 64, 500000 ops, run 2:
testheap:
177 10 0 0 33792000 59
1167711 644538 3929 19036 33800192 3375

testbh:
8030 31 12 8 33796096 3758
400795 249144 1285 6659 33804288 3930
----------------------------------------------------------------

DATASIZE: 64, 500000 ops, run 3:
testheap:
177 9 0 0 33792000 59
1156946 639566 3772 18946 33800192 3510

testbh:
8009 23 12 8 33796096 3906
398922 247060 1311 6216 33804288 4030
----------------------------------------------------------------

DATASIZE: 128
gcc -DPAGESIZE=4096 -DDATASIZE=128 -Wall -g -c bheap.c bheap.h
gcc -DPAGESIZE=4096 -DDATASIZE=128 -Wall -g -c testbh.c bheap.h
gcc -DPAGESIZE=4096 -DDATASIZE=128 -Wall -g -c getmem.c
gcc -DPAGESIZE=4096 -DDATASIZE=128 -Wall -g -o testbh bheap.o testbh.o getmem.o
gcc -DPAGESIZE=4096 -DDATASIZE=128 -Wall -g -c heap.c heap.h
gcc -DPAGESIZE=4096 -DDATASIZE=128 -Wall -g -c testheap.c heap.h
gcc -DPAGESIZE=4096 -DDATASIZE=128 -Wall -g -o testheap heap.o testheap.o getmem.o

DATASIZE: 128, 10000 ops, run 1:
testheap:
188 0 0 0 3072000 60
508 0 1 0 3080192 389

testbh:
501 0 0 0 2965504 379
508 0 2 0 2973696 379
----------------------------------------------------------------

DATASIZE: 128, 10000 ops, run 2:
testheap:
187 0 0 0 3072000 59
507 0 1 0 3080192 388

testbh:
502 0 0 0 2965504 379
509 0 2 0 2973696 379
----------------------------------------------------------------

DATASIZE: 128, 10000 ops, run 3:
testheap:
187 0 0 0 3072000 59
507 0 0 0 3080192 388

testbh:
502 0 0 0 2965504 379
509 0 1 0 2973696 379
----------------------------------------------------------------

DATASIZE: 128, 50000 ops, run 1:
testheap:
186 0 0 0 8192000 59
1756 0 9 1 8200192 1642

testbh:
1751 1 1 0 8081408 1628
1758 1 17 0 8089600 1628
----------------------------------------------------------------

DATASIZE: 128, 50000 ops, run 2:
testheap:
187 0 0 0 8192000 60
1757 0 10 0 8200192 1643

testbh:
1753 0 1 1 8081408 1629
1760 0 16 1 8089600 1629
----------------------------------------------------------------

DATASIZE: 128, 50000 ops, run 3:
testheap:
186 0 0 0 8192000 59
1756 0 8 1 8200192 1642

testbh:
1753 0 1 1 8081408 1629
1760 0 16 1 8089600 1629
----------------------------------------------------------------

DATASIZE: 128, 100000 ops, run 1:
testheap:
185 0 0 0 14594048 59
3354 0 23 3 14602240 3195

testbh:
3313 5 4 2 14512128 3199
3319 5 37 2 14520320 3199
----------------------------------------------------------------

DATASIZE: 128, 100000 ops, run 2:
testheap:
186 0 0 0 14594048 59
3319 0 19 4 14602240 3226

testbh:
3317 0 2 2 14512128 3198
3324 0 35 2 14520320 3198
----------------------------------------------------------------

DATASIZE: 128, 100000 ops, run 3:
testheap:
186 0 0 0 14594048 59
3319 0 19 3 14602240 3226

testbh:
3317 0 3 1 14512128 3198
3324 0 36 1 14520320 3198
----------------------------------------------------------------

DATASIZE: 128, 500000 ops, run 1:
testheap:
187 0 0 0 65794048 60
2599171 1756368 6093 67020 65802240 2895

testbh:
15827 27 21 24 65810432 3857
799030 605061 2274 20393 65818624 2700
----------------------------------------------------------------

DATASIZE: 128, 500000 ops, run 2:
testheap:
175 12 0 0 65794048 60
2589828 1747675 6394 65889 65802240 2900

testbh:
15830 23 23 18 65810432 3875
797407 603707 2263 20209 65818624 2743
----------------------------------------------------------------

DATASIZE: 128, 500000 ops, run 3:
testheap:
175 12 0 0 65794048 59
2592168 1751812 6313 67614 65802240 2878

testbh:
15832 24 23 22 65810432 3741
797097 603406 2215 20171 65818624 2709
----------------------------------------------------------------

DATASIZE: 256
gcc -DPAGESIZE=4096 -DDATASIZE=256 -Wall -g -c bheap.c bheap.h
gcc -DPAGESIZE=4096 -DDATASIZE=256 -Wall -g -c testbh.c bheap.h
gcc -DPAGESIZE=4096 -DDATASIZE=256 -Wall -g -c getmem.c
gcc -DPAGESIZE=4096 -DDATASIZE=256 -Wall -g -o testbh bheap.o testbh.o getmem.o
gcc -DPAGESIZE=4096 -DDATASIZE=256 -Wall -g -c heap.c heap.h
gcc -DPAGESIZE=4096 -DDATASIZE=256 -Wall -g -c testheap.c heap.h
gcc -DPAGESIZE=4096 -DDATASIZE=256 -Wall -g -o testheap heap.o testheap.o getmem.o

DATASIZE: 256, 10000 ops, run 1:
testheap:
186 0 0 0 4354048 59
819 0 0 1 4362240 718

testbh:
814 0 0 0 4276224 699
821 0 3 0 4284416 699
----------------------------------------------------------------

DATASIZE: 256, 10000 ops, run 2:
testheap:
186 1 0 0 4354048 60
819 1 1 0 4362240 719

testbh:
815 0 0 0 4276224 699
822 0 2 0 4284416 699
----------------------------------------------------------------

DATASIZE: 256, 10000 ops, run 3:
testheap:
187 0 0 0 4354048 60
820 0 2 0 4362240 719

testbh:
815 0 0 0 4276224 699
822 0 2 0 4284416 699
----------------------------------------------------------------

DATASIZE: 256, 50000 ops, run 1:
testheap:
188 0 0 0 14594048 59
3321 0 10 6 14602240 3226

testbh:
3317 2 2 3 14512128 3199
3323 2 20 3 14520320 3199
----------------------------------------------------------------

DATASIZE: 256, 50000 ops, run 2:
testheap:
185 2 0 0 14594048 60
3318 2 9 5 14602240 3227

testbh:
3315 2 2 2 14512128 3198
3321 2 19 2 14520320 3198
----------------------------------------------------------------

DATASIZE: 256, 50000 ops, run 3:
testheap:
185 1 0 0 14594048 59
3318 1 10 3 14602240 3226

testbh:
3319 0 3 1 14512128 3198
3326 0 19 1 14520320 3198
----------------------------------------------------------------

DATASIZE: 256, 100000 ops, run 1:
testheap:
186 0 0 0 27394048 59
140882 70622 556 1963 27402240 3886

testbh:
6450 23 5 10 27369472 3866
79970 38771 309 1131 27377664 3771
----------------------------------------------------------------

DATASIZE: 256, 100000 ops, run 2:
testheap:
177 9 0 0 27394048 59
141125 70312 560 1952 27402240 4014

testbh:
6449 18 8 7 27369472 3918
80231 38871 325 1076 27377664 3911
----------------------------------------------------------------

DATASIZE: 256, 100000 ops, run 3:
testheap:
177 10 0 1 27394048 59
140594 70967 558 2078 27402240 4036

testbh:
6445 24 7 9 27369472 3937
79503 38596 298 1010 27377664 3966
----------------------------------------------------------------

DATASIZE: 256, 500000 ops, run 1:
testheap:
177 9 0 0 129794048 59
3834725 3109675 7360 151628 129802240 2779

testbh:
31474 22 38 50 129835008 3873
1419912 1190279 3056 53703 129843200 2593
----------------------------------------------------------------

DATASIZE: 256, 500000 ops, run 2:
testheap:
177 10 0 0 129794048 59
3839203 3117617 7987 149979 129802240 2774

testbh:
31474 27 42 45 129835008 3871
1420917 1190329 2919 54285 129843200 2669
----------------------------------------------------------------

DATASIZE: 256, 500000 ops, run 3:
testheap:
176 12 0 0 129794048 60
3844010 3119782 7756 154068 129802240 2714

testbh:
31479 32 44 43 129835008 3783
1419258 1190861 3104 52973 129843200 2534
----------------------------------------------------------------

